<?xml version="1.0" encoding="UTF-8"?>
<testng-results ignored="0" total="2" passed="2" failed="0" skipped="0">
  <reporter-output>
  </reporter-output>
  <suite started-at="2020-10-28T01:29:12Z" name="InetBankingV!" finished-at="2020-10-28T01:29:37Z" duration-ms="25051">
    <groups>
    </groups>
    <test started-at="2020-10-28T01:29:12Z" name="BankingApp Test" finished-at="2020-10-28T01:29:37Z" duration-ms="25051">
      <class name="com.inetbanking.testCases.TC_LoginTest_001">
        <test-method is-config="true" signature="setup(java.lang.String)[pri:0, instance:com.inetbanking.testCases.TC_LoginTest_001@7d322cad]" started-at="2020-10-28T01:29:12Z" name="setup" finished-at="2020-10-28T01:29:19Z" duration-ms="6726" status="PASS">
          <params>
            <param index="0">
              <value>
                <![CDATA[chrome]]>
              </value>
            </param>
          </params>
          <reporter-output>
          </reporter-output>
        </test-method> <!-- setup -->
        <test-method signature="loginTest()[pri:0, instance:com.inetbanking.testCases.TC_LoginTest_001@7d322cad]" started-at="2020-10-28T01:29:19Z" name="loginTest" finished-at="2020-10-28T01:29:20Z" duration-ms="963" status="PASS">
          <reporter-output>
          </reporter-output>
        </test-method> <!-- loginTest -->
        <test-method is-config="true" signature="tearDown()[pri:0, instance:com.inetbanking.testCases.TC_LoginTest_001@7d322cad]" started-at="2020-10-28T01:29:20Z" name="tearDown" finished-at="2020-10-28T01:29:20Z" duration-ms="589" status="PASS">
          <reporter-output>
          </reporter-output>
        </test-method> <!-- tearDown -->
      </class> <!-- com.inetbanking.testCases.TC_LoginTest_001 -->
      <class name="com.inetbanking.testCases.TC_AddCustomerTest_003">
        <test-method is-config="true" signature="setup(java.lang.String)[pri:0, instance:com.inetbanking.testCases.TC_AddCustomerTest_003@21be3395]" started-at="2020-10-28T01:29:20Z" name="setup" finished-at="2020-10-28T01:29:25Z" duration-ms="4168" status="PASS">
          <params>
            <param index="0">
              <value>
                <![CDATA[chrome]]>
              </value>
            </param>
          </params>
          <reporter-output>
          </reporter-output>
        </test-method> <!-- setup -->
        <test-method signature="addNewCustomer()[pri:0, instance:com.inetbanking.testCases.TC_AddCustomerTest_003@21be3395]" started-at="2020-10-28T01:29:25Z" name="addNewCustomer" finished-at="2020-10-28T01:29:36Z" duration-ms="11833" status="PASS">
          <reporter-output>
          </reporter-output>
        </test-method> <!-- addNewCustomer -->
        <test-method is-config="true" signature="tearDown()[pri:0, instance:com.inetbanking.testCases.TC_AddCustomerTest_003@21be3395]" started-at="2020-10-28T01:29:36Z" name="tearDown" finished-at="2020-10-28T01:29:37Z" duration-ms="599" status="PASS">
          <reporter-output>
          </reporter-output>
        </test-method> <!-- tearDown -->
      </class> <!-- com.inetbanking.testCases.TC_AddCustomerTest_003 -->
    </test> <!-- BankingApp Test -->
  </suite> <!-- InetBankingV! -->
</testng-results>
