<?xml version="1.0" encoding="UTF-8"?>
<!-- Generated by org.testng.reporters.JUnitXMLReporter -->
<testsuite ignored="0" hostname="LAPTOP-UJ95NADH" failures="0" tests="2" name="BankingApp Test" time="25.051" errors="0" timestamp="28 Oct 2020 01:29:37 GMT">
  <testcase classname="com.inetbanking.testCases.TC_LoginTest_001" name="loginTest" time="0.963"/>
  <testcase classname="com.inetbanking.testCases.TC_AddCustomerTest_003" name="addNewCustomer" time="11.833"/>
</testsuite> <!-- BankingApp Test -->
